android/app/build/intermediates/manifest_merge_blame_file/debug/processDebugMainManifest/manifest-merger-blame-debug-report.txt
1<?xml version="1.0" encoding="utf-8"?>
2<manifest xmlns:android="http://schemas.android.com/apk/res/android"
3    package="com.mivilapp"
4    android:versionCode="1"
5    android:versionName="1.0" >
6
7    <uses-sdk
8        android:minSdkVersion="23"
9        android:targetSdkVersion="34" />
10
11    <uses-permission android:name="android.permission.INTERNET" />
11-->src\main\AndroidManifest.xml:3:5-67
11-->src\main\AndroidManifest.xml:3:22-64
12    <uses-permission android:name="android.permission.READ_EXTERNAL_STORAGE" />
12-->src\main\AndroidManifest.xml:4:5-80
12-->src\main\AndroidManifest.xml:4:22-77
13    <uses-permission android:name="android.permission.WRITE_EXTERNAL_STORAGE" />
13-->src\main\AndroidManifest.xml:5:5-81
13-->src\main\AndroidManifest.xml:5:22-78
14    <uses-permission android:name="android.permission.CAMERA" />
14-->src\main\AndroidManifest.xml:6:5-65
14-->src\main\AndroidManifest.xml:6:22-62
15    <uses-permission android:name="android.permission.ACCESS_FINE_LOCATION" />
15-->src\main\AndroidManifest.xml:7:5-79
15-->src\main\AndroidManifest.xml:7:22-76
16    <uses-permission android:name="android.permission.ACCESS_COARSE_LOCATION" />
16-->src\main\AndroidManifest.xml:8:5-81
16-->src\main\AndroidManifest.xml:8:22-78
17    <uses-permission android:name="android.permission.ACCESS_BACKGROUND_LOCATION" />
17-->src\main\AndroidManifest.xml:9:5-85
17-->src\main\AndroidManifest.xml:9:22-82
18    <uses-permission android:name="android.permission.ACCESS_NETWORK_STATE" />
18-->[:react-native-community_netinfo] AndroidManifest.xml:7:5-79
18-->[:react-native-community_netinfo] AndroidManifest.xml:7:22-76
19    <uses-permission android:name="android.permission.ACCESS_WIFI_STATE" />
19-->[:react-native-community_netinfo] AndroidManifest.xml:8:5-76
19-->[:react-native-community_netinfo] AndroidManifest.xml:8:22-73
20    <!--
21    This manifest file is used only by Gradle to configure debug-only capabilities
22    for React Native Apps.
23    -->
24    <uses-permission android:name="android.permission.SYSTEM_ALERT_WINDOW" />
24-->[com.facebook.react:react-android:0.75.3] AndroidManifest.xml:16:5-78
24-->[com.facebook.react:react-android:0.75.3] AndroidManifest.xml:16:22-75
25
26    <uses-feature
26-->[com.google.android.gms:play-services-maps:18.2.0] AndroidManifest.xml:26:5-28:35
27        android:glEsVersion="0x00020000"
27-->[com.google.android.gms:play-services-maps:18.2.0] AndroidManifest.xml:27:9-41
28        android:required="true" />
28-->[com.google.android.gms:play-services-maps:18.2.0] AndroidManifest.xml:28:9-32
29
30    <queries>
30-->[com.google.android.gms:play-services-maps:18.2.0] AndroidManifest.xml:30:5-34:15
31
32        <!-- Needs to be explicitly declared on Android R+ -->
33        <package android:name="com.google.android.apps.maps" />
33-->[com.google.android.gms:play-services-maps:18.2.0] AndroidManifest.xml:33:9-64
33-->[com.google.android.gms:play-services-maps:18.2.0] AndroidManifest.xml:33:18-61
34    </queries>
35
36    <uses-permission android:name="android.permission.WAKE_LOCK" />
36-->[androidx.work:work-runtime:2.7.1] AndroidManifest.xml:25:5-68
36-->[androidx.work:work-runtime:2.7.1] AndroidManifest.xml:25:22-65
37    <uses-permission android:name="android.permission.RECEIVE_BOOT_COMPLETED" />
37-->[androidx.work:work-runtime:2.7.1] AndroidManifest.xml:27:5-81
37-->[androidx.work:work-runtime:2.7.1] AndroidManifest.xml:27:22-78
38    <uses-permission android:name="android.permission.FOREGROUND_SERVICE" />
38-->[androidx.work:work-runtime:2.7.1] AndroidManifest.xml:28:5-77
38-->[androidx.work:work-runtime:2.7.1] AndroidManifest.xml:28:22-74
39
40    <permission
40-->[androidx.core:core:1.9.0] AndroidManifest.xml:22:5-24:47
41        android:name="com.mivilapp.DYNAMIC_RECEIVER_NOT_EXPORTED_PERMISSION"
41-->[androidx.core:core:1.9.0] AndroidManifest.xml:23:9-81
42        android:protectionLevel="signature" />
42-->[androidx.core:core:1.9.0] AndroidManifest.xml:24:9-44
43
44    <uses-permission android:name="com.mivilapp.DYNAMIC_RECEIVER_NOT_EXPORTED_PERMISSION" />
44-->[androidx.core:core:1.9.0] AndroidManifest.xml:26:5-97
44-->[androidx.core:core:1.9.0] AndroidManifest.xml:26:22-94
45
46    <application
46-->src\main\AndroidManifest.xml:11:5-31:19
47        android:name="com.mivilapp.MainApplication"
47-->src\main\AndroidManifest.xml:12:7-38
48        android:allowBackup="false"
48-->src\main\AndroidManifest.xml:16:7-34
49        android:appComponentFactory="androidx.core.app.CoreComponentFactory"
49-->[androidx.core:core:1.9.0] AndroidManifest.xml:28:18-86
50        android:debuggable="true"
51        android:extractNativeLibs="false"
52        android:icon="@mipmap/ic_launcher"
52-->src\main\AndroidManifest.xml:14:7-41
53        android:label="@string/app_name"
53-->src\main\AndroidManifest.xml:13:7-39
54        android:roundIcon="@mipmap/ic_launcher_round"
54-->src\main\AndroidManifest.xml:15:7-52
55        android:supportsRtl="true"
55-->src\main\AndroidManifest.xml:18:7-33
56        android:theme="@style/AppTheme"
56-->src\main\AndroidManifest.xml:17:7-38
57        android:usesCleartextTraffic="true" >
57-->src\debug\AndroidManifest.xml:6:9-44
58        <activity
58-->src\main\AndroidManifest.xml:19:7-30:18
59            android:name="com.mivilapp.MainActivity"
59-->src\main\AndroidManifest.xml:20:9-37
60            android:configChanges="keyboard|keyboardHidden|orientation|screenLayout|screenSize|smallestScreenSize|uiMode"
60-->src\main\AndroidManifest.xml:22:9-118
61            android:exported="true"
61-->src\main\AndroidManifest.xml:25:9-32
62            android:label="@string/app_name"
62-->src\main\AndroidManifest.xml:21:9-41
63            android:launchMode="singleTask"
63-->src\main\AndroidManifest.xml:23:9-40
64            android:windowSoftInputMode="adjustResize" >
64-->src\main\AndroidManifest.xml:24:9-51
65            <intent-filter>
65-->src\main\AndroidManifest.xml:26:9-29:25
66                <action android:name="android.intent.action.MAIN" />
66-->src\main\AndroidManifest.xml:27:13-65
66-->src\main\AndroidManifest.xml:27:21-62
67
68                <category android:name="android.intent.category.LAUNCHER" />
68-->src\main\AndroidManifest.xml:28:13-73
68-->src\main\AndroidManifest.xml:28:23-70
69            </intent-filter>
70        </activity>
71
72        <provider
72-->[:react-native-webview] AndroidManifest.xml:8:9-16:20
73            android:name="com.reactnativecommunity.webview.RNCWebViewFileProvider"
73-->[:react-native-webview] AndroidManifest.xml:9:13-83
74            android:authorities="com.mivilapp.fileprovider"
74-->[:react-native-webview] AndroidManifest.xml:10:13-64
75            android:exported="false"
75-->[:react-native-webview] AndroidManifest.xml:11:13-37
76            android:grantUriPermissions="true" >
76-->[:react-native-webview] AndroidManifest.xml:12:13-47
77            <meta-data
77-->[:react-native-webview] AndroidManifest.xml:13:13-15:63
78                android:name="android.support.FILE_PROVIDER_PATHS"
78-->[:react-native-webview] AndroidManifest.xml:14:17-67
79                android:resource="@xml/file_provider_paths" />
79-->[:react-native-webview] AndroidManifest.xml:15:17-60
80        </provider>
81        <provider
81-->[:react-native-image-picker] AndroidManifest.xml:8:9-16:20
82            android:name="com.imagepicker.ImagePickerProvider"
82-->[:react-native-image-picker] AndroidManifest.xml:9:13-63
83            android:authorities="com.mivilapp.imagepickerprovider"
83-->[:react-native-image-picker] AndroidManifest.xml:10:13-71
84            android:exported="false"
84-->[:react-native-image-picker] AndroidManifest.xml:11:13-37
85            android:grantUriPermissions="true" >
85-->[:react-native-image-picker] AndroidManifest.xml:12:13-47
86            <meta-data
86-->[:react-native-webview] AndroidManifest.xml:13:13-15:63
87                android:name="android.support.FILE_PROVIDER_PATHS"
87-->[:react-native-webview] AndroidManifest.xml:14:17-67
88                android:resource="@xml/imagepicker_provider_paths" />
88-->[:react-native-webview] AndroidManifest.xml:15:17-60
89        </provider>
90
91        <activity
91-->[com.facebook.react:react-android:0.75.3] AndroidManifest.xml:19:9-21:40
92            android:name="com.facebook.react.devsupport.DevSettingsActivity"
92-->[com.facebook.react:react-android:0.75.3] AndroidManifest.xml:20:13-77
93            android:exported="false" />
93-->[com.facebook.react:react-android:0.75.3] AndroidManifest.xml:21:13-37
94
95        <meta-data
95-->[com.google.maps.android:android-maps-utils:3.8.2] AndroidManifest.xml:8:9-10:69
96            android:name="com.google.android.gms.version"
96-->[com.google.maps.android:android-maps-utils:3.8.2] AndroidManifest.xml:9:13-58
97            android:value="@integer/google_play_services_version" /> <!-- Needs to be explicitly declared on P+ -->
97-->[com.google.maps.android:android-maps-utils:3.8.2] AndroidManifest.xml:10:13-66
98        <uses-library
98-->[com.google.android.gms:play-services-maps:18.2.0] AndroidManifest.xml:39:9-41:40
99            android:name="org.apache.http.legacy"
99-->[com.google.android.gms:play-services-maps:18.2.0] AndroidManifest.xml:40:13-50
100            android:required="false" />
100-->[com.google.android.gms:play-services-maps:18.2.0] AndroidManifest.xml:41:13-37
101
102        <activity
102-->[com.google.android.gms:play-services-base:18.2.0] AndroidManifest.xml:20:9-22:45
103            android:name="com.google.android.gms.common.api.GoogleApiActivity"
103-->[com.google.android.gms:play-services-base:18.2.0] AndroidManifest.xml:20:19-85
104            android:exported="false"
104-->[com.google.android.gms:play-services-base:18.2.0] AndroidManifest.xml:22:19-43
105            android:theme="@android:style/Theme.Translucent.NoTitleBar" />
105-->[com.google.android.gms:play-services-base:18.2.0] AndroidManifest.xml:21:19-78
106
107        <provider
107-->[androidx.work:work-runtime:2.7.1] AndroidManifest.xml:31:9-39:20
108            android:name="androidx.startup.InitializationProvider"
108-->[androidx.work:work-runtime:2.7.1] AndroidManifest.xml:32:13-67
109            android:authorities="com.mivilapp.androidx-startup"
109-->[androidx.work:work-runtime:2.7.1] AndroidManifest.xml:33:13-68
110            android:exported="false" >
110-->[androidx.work:work-runtime:2.7.1] AndroidManifest.xml:34:13-37
111            <meta-data
111-->[androidx.work:work-runtime:2.7.1] AndroidManifest.xml:36:13-38:52
112                android:name="androidx.work.WorkManagerInitializer"
112-->[androidx.work:work-runtime:2.7.1] AndroidManifest.xml:37:17-68
113                android:value="androidx.startup" />
113-->[androidx.work:work-runtime:2.7.1] AndroidManifest.xml:38:17-49
114            <meta-data
114-->[androidx.emoji2:emoji2:1.2.0] AndroidManifest.xml:29:13-31:52
115                android:name="androidx.emoji2.text.EmojiCompatInitializer"
115-->[androidx.emoji2:emoji2:1.2.0] AndroidManifest.xml:30:17-75
116                android:value="androidx.startup" />
116-->[androidx.emoji2:emoji2:1.2.0] AndroidManifest.xml:31:17-49
117            <meta-data
117-->[androidx.lifecycle:lifecycle-process:2.4.1] AndroidManifest.xml:31:13-33:52
118                android:name="androidx.lifecycle.ProcessLifecycleInitializer"
118-->[androidx.lifecycle:lifecycle-process:2.4.1] AndroidManifest.xml:32:17-78
119                android:value="androidx.startup" />
119-->[androidx.lifecycle:lifecycle-process:2.4.1] AndroidManifest.xml:33:17-49
120        </provider>
121
122        <service
122-->[androidx.work:work-runtime:2.7.1] AndroidManifest.xml:41:9-46:35
123            android:name="androidx.work.impl.background.systemalarm.SystemAlarmService"
123-->[androidx.work:work-runtime:2.7.1] AndroidManifest.xml:42:13-88
124            android:directBootAware="false"
124-->[androidx.work:work-runtime:2.7.1] AndroidManifest.xml:43:13-44
125            android:enabled="@bool/enable_system_alarm_service_default"
125-->[androidx.work:work-runtime:2.7.1] AndroidManifest.xml:44:13-72
126            android:exported="false" />
126-->[androidx.work:work-runtime:2.7.1] AndroidManifest.xml:45:13-37
127        <service
127-->[androidx.work:work-runtime:2.7.1] AndroidManifest.xml:47:9-53:35
128            android:name="androidx.work.impl.background.systemjob.SystemJobService"
128-->[androidx.work:work-runtime:2.7.1] AndroidManifest.xml:48:13-84
129            android:directBootAware="false"
129-->[androidx.work:work-runtime:2.7.1] AndroidManifest.xml:49:13-44
130            android:enabled="@bool/enable_system_job_service_default"
130-->[androidx.work:work-runtime:2.7.1] AndroidManifest.xml:50:13-70
131            android:exported="true"
131-->[androidx.work:work-runtime:2.7.1] AndroidManifest.xml:51:13-36
132            android:permission="android.permission.BIND_JOB_SERVICE" />
132-->[androidx.work:work-runtime:2.7.1] AndroidManifest.xml:52:13-69
133        <service
133-->[androidx.work:work-runtime:2.7.1] AndroidManifest.xml:54:9-59:35
134            android:name="androidx.work.impl.foreground.SystemForegroundService"
134-->[androidx.work:work-runtime:2.7.1] AndroidManifest.xml:55:13-81
135            android:directBootAware="false"
135-->[androidx.work:work-runtime:2.7.1] AndroidManifest.xml:56:13-44
136            android:enabled="@bool/enable_system_foreground_service_default"
136-->[androidx.work:work-runtime:2.7.1] AndroidManifest.xml:57:13-77
137            android:exported="false" />
137-->[androidx.work:work-runtime:2.7.1] AndroidManifest.xml:58:13-37
138
139        <receiver
139-->[androidx.work:work-runtime:2.7.1] AndroidManifest.xml:61:9-66:35
140            android:name="androidx.work.impl.utils.ForceStopRunnable$BroadcastReceiver"
140-->[androidx.work:work-runtime:2.7.1] AndroidManifest.xml:62:13-88
141            android:directBootAware="false"
141-->[androidx.work:work-runtime:2.7.1] AndroidManifest.xml:63:13-44
142            android:enabled="true"
142-->[androidx.work:work-runtime:2.7.1] AndroidManifest.xml:64:13-35
143            android:exported="false" />
143-->[androidx.work:work-runtime:2.7.1] AndroidManifest.xml:65:13-37
144        <receiver
144-->[androidx.work:work-runtime:2.7.1] AndroidManifest.xml:67:9-77:20
145            android:name="androidx.work.impl.background.systemalarm.ConstraintProxy$BatteryChargingProxy"
145-->[androidx.work:work-runtime:2.7.1] AndroidManifest.xml:68:13-106
146            android:directBootAware="false"
146-->[androidx.work:work-runtime:2.7.1] AndroidManifest.xml:69:13-44
147            android:enabled="false"
147-->[androidx.work:work-runtime:2.7.1] AndroidManifest.xml:70:13-36
148            android:exported="false" >
148-->[androidx.work:work-runtime:2.7.1] AndroidManifest.xml:71:13-37
149            <intent-filter>
149-->[androidx.work:work-runtime:2.7.1] AndroidManifest.xml:73:13-76:29
150                <action android:name="android.intent.action.ACTION_POWER_CONNECTED" />
150-->[androidx.work:work-runtime:2.7.1] AndroidManifest.xml:74:17-87
150-->[androidx.work:work-runtime:2.7.1] AndroidManifest.xml:74:25-84
151                <action android:name="android.intent.action.ACTION_POWER_DISCONNECTED" />
151-->[androidx.work:work-runtime:2.7.1] AndroidManifest.xml:75:17-90
151-->[androidx.work:work-runtime:2.7.1] AndroidManifest.xml:75:25-87
152            </intent-filter>
153        </receiver>
154        <receiver
154-->[androidx.work:work-runtime:2.7.1] AndroidManifest.xml:78:9-88:20
155            android:name="androidx.work.impl.background.systemalarm.ConstraintProxy$BatteryNotLowProxy"
155-->[androidx.work:work-runtime:2.7.1] AndroidManifest.xml:79:13-104
156            android:directBootAware="false"
156-->[androidx.work:work-runtime:2.7.1] AndroidManifest.xml:80:13-44
157            android:enabled="false"
157-->[androidx.work:work-runtime:2.7.1] AndroidManifest.xml:81:13-36
158            android:exported="false" >
158-->[androidx.work:work-runtime:2.7.1] AndroidManifest.xml:82:13-37
159            <intent-filter>
159-->[androidx.work:work-runtime:2.7.1] AndroidManifest.xml:84:13-87:29
160                <action android:name="android.intent.action.BATTERY_OKAY" />
160-->[androidx.work:work-runtime:2.7.1] AndroidManifest.xml:85:17-77
160-->[androidx.work:work-runtime:2.7.1] AndroidManifest.xml:85:25-74
161                <action android:name="android.intent.action.BATTERY_LOW" />
161-->[androidx.work:work-runtime:2.7.1] AndroidManifest.xml:86:17-76
161-->[androidx.work:work-runtime:2.7.1] AndroidManifest.xml:86:25-73
162            </intent-filter>
163        </receiver>
164        <receiver
164-->[androidx.work:work-runtime:2.7.1] AndroidManifest.xml:89:9-99:20
165            android:name="androidx.work.impl.background.systemalarm.ConstraintProxy$StorageNotLowProxy"
165-->[androidx.work:work-runtime:2.7.1] AndroidManifest.xml:90:13-104
166            android:directBootAware="false"
166-->[androidx.work:work-runtime:2.7.1] AndroidManifest.xml:91:13-44
167            android:enabled="false"
167-->[androidx.work:work-runtime:2.7.1] AndroidManifest.xml:92:13-36
168            android:exported="false" >
168-->[androidx.work:work-runtime:2.7.1] AndroidManifest.xml:93:13-37
169            <intent-filter>
169-->[androidx.work:work-runtime:2.7.1] AndroidManifest.xml:95:13-98:29
170                <action android:name="android.intent.action.DEVICE_STORAGE_LOW" />
170-->[androidx.work:work-runtime:2.7.1] AndroidManifest.xml:96:17-83
170-->[androidx.work:work-runtime:2.7.1] AndroidManifest.xml:96:25-80
171                <action android:name="android.intent.action.DEVICE_STORAGE_OK" />
171-->[androidx.work:work-runtime:2.7.1] AndroidManifest.xml:97:17-82
171-->[androidx.work:work-runtime:2.7.1] AndroidManifest.xml:97:25-79
172            </intent-filter>
173        </receiver>
174        <receiver
174-->[androidx.work:work-runtime:2.7.1] AndroidManifest.xml:100:9-109:20
175            android:name="androidx.work.impl.background.systemalarm.ConstraintProxy$NetworkStateProxy"
175-->[androidx.work:work-runtime:2.7.1] AndroidManifest.xml:101:13-103
176            android:directBootAware="false"
176-->[androidx.work:work-runtime:2.7.1] AndroidManifest.xml:102:13-44
177            android:enabled="false"
177-->[androidx.work:work-runtime:2.7.1] AndroidManifest.xml:103:13-36
178            android:exported="false" >
178-->[androidx.work:work-runtime:2.7.1] AndroidManifest.xml:104:13-37
179            <intent-filter>
179-->[androidx.work:work-runtime:2.7.1] AndroidManifest.xml:106:13-108:29
180                <action android:name="android.net.conn.CONNECTIVITY_CHANGE" />
180-->[androidx.work:work-runtime:2.7.1] AndroidManifest.xml:107:17-79
180-->[androidx.work:work-runtime:2.7.1] AndroidManifest.xml:107:25-76
181            </intent-filter>
182        </receiver>
183        <receiver
183-->[androidx.work:work-runtime:2.7.1] AndroidManifest.xml:110:9-121:20
184            android:name="androidx.work.impl.background.systemalarm.RescheduleReceiver"
184-->[androidx.work:work-runtime:2.7.1] AndroidManifest.xml:111:13-88
185            android:directBootAware="false"
185-->[androidx.work:work-runtime:2.7.1] AndroidManifest.xml:112:13-44
186            android:enabled="false"
186-->[androidx.work:work-runtime:2.7.1] AndroidManifest.xml:113:13-36
187            android:exported="false" >
187-->[androidx.work:work-runtime:2.7.1] AndroidManifest.xml:114:13-37
188            <intent-filter>
188-->[androidx.work:work-runtime:2.7.1] AndroidManifest.xml:116:13-120:29
189                <action android:name="android.intent.action.BOOT_COMPLETED" />
189-->[androidx.work:work-runtime:2.7.1] AndroidManifest.xml:117:17-79
189-->[androidx.work:work-runtime:2.7.1] AndroidManifest.xml:117:25-76
190                <action android:name="android.intent.action.TIME_SET" />
190-->[androidx.work:work-runtime:2.7.1] AndroidManifest.xml:118:17-73
190-->[androidx.work:work-runtime:2.7.1] AndroidManifest.xml:118:25-70
191                <action android:name="android.intent.action.TIMEZONE_CHANGED" />
191-->[androidx.work:work-runtime:2.7.1] AndroidManifest.xml:119:17-81
191-->[androidx.work:work-runtime:2.7.1] AndroidManifest.xml:119:25-78
192            </intent-filter>
193        </receiver>
194        <receiver
194-->[androidx.work:work-runtime:2.7.1] AndroidManifest.xml:122:9-131:20
195            android:name="androidx.work.impl.background.systemalarm.ConstraintProxyUpdateReceiver"
195-->[androidx.work:work-runtime:2.7.1] AndroidManifest.xml:123:13-99
196            android:directBootAware="false"
196-->[androidx.work:work-runtime:2.7.1] AndroidManifest.xml:124:13-44
197            android:enabled="@bool/enable_system_alarm_service_default"
197-->[androidx.work:work-runtime:2.7.1] AndroidManifest.xml:125:13-72
198            android:exported="false" >
198-->[androidx.work:work-runtime:2.7.1] AndroidManifest.xml:126:13-37
199            <intent-filter>
199-->[androidx.work:work-runtime:2.7.1] AndroidManifest.xml:128:13-130:29
200                <action android:name="androidx.work.impl.background.systemalarm.UpdateProxies" />
200-->[androidx.work:work-runtime:2.7.1] AndroidManifest.xml:129:17-98
200-->[androidx.work:work-runtime:2.7.1] AndroidManifest.xml:129:25-95
201            </intent-filter>
202        </receiver>
203        <receiver
203-->[androidx.work:work-runtime:2.7.1] AndroidManifest.xml:132:9-142:20
204            android:name="androidx.work.impl.diagnostics.DiagnosticsReceiver"
204-->[androidx.work:work-runtime:2.7.1] AndroidManifest.xml:133:13-78
205            android:directBootAware="false"
205-->[androidx.work:work-runtime:2.7.1] AndroidManifest.xml:134:13-44
206            android:enabled="true"
206-->[androidx.work:work-runtime:2.7.1] AndroidManifest.xml:135:13-35
207            android:exported="true"
207-->[androidx.work:work-runtime:2.7.1] AndroidManifest.xml:136:13-36
208            android:permission="android.permission.DUMP" >
208-->[androidx.work:work-runtime:2.7.1] AndroidManifest.xml:137:13-57
209            <intent-filter>
209-->[androidx.work:work-runtime:2.7.1] AndroidManifest.xml:139:13-141:29
210                <action android:name="androidx.work.diagnostics.REQUEST_DIAGNOSTICS" />
210-->[androidx.work:work-runtime:2.7.1] AndroidManifest.xml:140:17-88
210-->[androidx.work:work-runtime:2.7.1] AndroidManifest.xml:140:25-85
211            </intent-filter>
212        </receiver>
213
214        <service
214-->[androidx.room:room-runtime:2.2.5] AndroidManifest.xml:25:9-28:40
215            android:name="androidx.room.MultiInstanceInvalidationService"
215-->[androidx.room:room-runtime:2.2.5] AndroidManifest.xml:26:13-74
216            android:directBootAware="true"
216-->[androidx.room:room-runtime:2.2.5] AndroidManifest.xml:27:13-43
217            android:exported="false" />
217-->[androidx.room:room-runtime:2.2.5] AndroidManifest.xml:28:13-37
218
219        <meta-data
219-->[com.facebook.soloader:soloader:0.11.0] AndroidManifest.xml:12:9-14:37
220            android:name="com.facebook.soloader.enabled"
220-->[com.facebook.soloader:soloader:0.11.0] AndroidManifest.xml:13:13-57
221            android:value="false" />
221-->[com.facebook.soloader:soloader:0.11.0] AndroidManifest.xml:14:13-34
222    </application>
223
224</manifest>